build/app/outputs/mapping/release/seeds.txt
com.kitopi.kitopi.kitopi.MainActivity
com.kitopi.kitopi.kitopi.MainActivity: MainActivity()
...
androidx.activity.OnBackPressedDispatcher$LifecycleOnBackPressedCancellable
io.flutter.embedding.engine.FlutterJNI: void onRenderingStopped()
io.flutter.plugin.platform.SingleViewPresentation: android.view.View$OnFocusChangeListener focusChangeListener
io.flutter.embedding.engine.mutatorsstack.FlutterMutatorsStack: java.util.List finalClippingPaths
io.flutter.plugin.editing.ImeSyncDeferringInsetsCallback
io.flutter.embedding.engine.FlutterOverlaySurface
io.flutter.embedding.engine.FlutterJNI: void invokePlatformMessageResponseCallback(int,java.nio.ByteBuffer,int)
io.flutter.view.AccessibilityViewEmbedder: io.flutter.view.AccessibilityViewEmbedder$ReflectionAccessors reflectionAccessors
io.flutter.embedding.android.FlutterImageView: android.view.Surface getSurface()
io.flutter.embedding.engine.systemchannels.PlatformChannel$SoundType: io.flutter.embedding.engine.systemchannels.PlatformChannel$SoundType valueOf(java.lang.String)
com.google.android.gms.location.LocationSettingsStates: android.os.Parcelable$Creator CREATOR
io.flutter.embedding.engine.FlutterJNI: void nativeSurfaceCreated(long,android.view.Surface)
io.flutter.embedding.engine.FlutterJNI: void setDeferredComponentManager(io.flutter.embedding.engine.deferredcomponents.DeferredComponentManager)
io.flutter.embedding.engine.plugins.lifecycle.HiddenLifecycleReference: androidx.lifecycle.Lifecycle getLifecycle()
io.flutter.embedding.engine.renderer.SurfaceTextureWrapper: android.graphics.SurfaceTexture surfaceTexture()
com.google.android.gms.signin.internal.zah: android.os.Parcelable$Creator CREATOR
io.flutter.embedding.engine.renderer.SurfaceTextureWrapper: android.graphics.SurfaceTexture surfaceTexture
androidx.fragment.app.Fragment$2
io.flutter.embedding.android.TransparencyMode: io.flutter.embedding.android.TransparencyMode valueOf(java.lang.String)
io.flutter.plugin.editing.TextInputPlugin$InputTarget$Type: io.flutter.plugin.editing.TextInputPlugin$InputTarget$Type[] values()
androidx.lifecycle.Lifecycle$Event: androidx.lifecycle.Lifecycle$Event ON_START
io.flutter.plugin.editing.ImeSyncDeferringInsetsCallback$AnimationCallback: io.flutter.plugin.editing.ImeSyncDeferringInsetsCallback this$0
io.flutter.embedding.engine.systemchannels.SettingsChannel$PlatformBrightness: io.flutter.embedding.engine.systemchannels.SettingsChannel$PlatformBrightness[] values()
androidx.lifecycle.ReportFragment$LifecycleCallbacks: void onActivityPaused(android.app.Activity)
io.flutter.embedding.engine.FlutterJNI: boolean nativeFlutterTextUtilsIsVariationSelector(int)
io.flutter.embedding.engine.FlutterJNI: void prefetchDefaultFontManager()
io.flutter.embedding.engine.FlutterJNI
androidx.fragment.app.FragmentState: android.os.Parcelable$Creator CREATOR
com.google.android.gms.location.LocationResult: android.os.Parcelable$Creator CREATOR
io.flutter.view.AccessibilityBridge$AccessibilityFeature: io.flutter.view.AccessibilityBridge$AccessibilityFeature[] values()
com.google.android.gms.common.internal.ResolveAccountRequest: android.os.Parcelable$Creator CREATOR
io.flutter.embedding.engine.systemchannels.PlatformChannel$DeviceOrientation: io.flutter.embedding.engine.systemchannels.PlatformChannel$DeviceOrientation valueOf(java.lang.String)
androidx.lifecycle.Lifecycle$Event: androidx.lifecycle.Lifecycle$Event ON_PAUSE
io.flutter.embedding.android.FlutterView
io.flutter.embedding.engine.mutatorsstack.FlutterMutatorsStack$FlutterMutatorType: io.flutter.embedding.engine.mutatorsstack.FlutterMutatorsStack$FlutterMutatorType valueOf(java.lang.String)
androidx.lifecycle.ReportFragment$LifecycleCallbacks: void onActivityCreated(android.app.Activity,android.os.Bundle)
io.flutter.embedding.engine.renderer.SurfaceTextureWrapper: void getTransformMatrix(float[])
io.flutter.plugin.editing.ImeSyncDeferringInsetsCallback: boolean needsSave
io.flutter.plugin.editing.ImeSyncDeferringInsetsCallback$AnimationCallback: void onEnd(android.view.WindowInsetsAnimation)