build/app/outputs/mapping/release/usage.txt
com.kitopi.kitopi.kitopi.R$mipmap
com.kitopi.kitopi.kitopi.R$layout
com.kitopi.kitopi.kitopi.R$dimen
com.kitopi.kitopi.kitopi.R$xml
com.kitopi.kitopi.kitopi.R$integer
com.kitopi.kitopi.kitopi.R$style
com.kitopi.kitopi.kitopi.R$string
com.kitopi.kitopi.kitopi.BuildConfig
com.kitopi.kitopi.kitopi.R$attr
com.kitopi.kitopi.kitopi.R
com.kitopi.kitopi.kitopi.R$drawable
com.kitopi.kitopi.kitopi.R$color
com.kitopi.kitopi.kitopi.R$styleable
com.kitopi.kitopi.kitopi.R$id
...
androidx.fragment.app.FragmentManagerImpl$FragmentLifecycleCallbacksHolder:
    void <init>(androidx.fragment.app.FragmentManager$FragmentLifecycleCallbacks,boolean)
com.google.android.gms.common.api.internal.zaak
com.google.android.gms.maps.R
com.google.android.gms.common.api.Api$SimpleClient:
    public abstract android.content.Context getContext()
com.google.android.gms.common.api.BatchResultToken
com.google.android.gms.internal.location.zzu
androidx.annotation.NonNull
kotlin.properties.Delegates$observable$1
androidx.core.R$string
com.google.android.gms.maps.internal.zzx
androidx.arch.core.executor.DefaultTaskExecutor$1:
    private static final java.lang.String THREAD_NAME_STEM
com.google.android.gms.common.server.response.FastJsonResponse
androidx.core.util.Pools$SimplePool
kotlin.collections.ArraysKt___ArraysKt$withIndex$8
io.github.ponnamkarthik.toast.fluttertoast.R$id:
    private void <init>()
    public static final int accessibility_action_clickable_span
    public static final int accessibility_custom_action_0
    public static final int accessibility_custom_action_1
    public static final int accessibility_custom_action_10
    public static final int accessibility_custom_action_11
    public static final int accessibility_custom_action_12
    public static final int accessibility_custom_action_13
    public static final int accessibility_custom_action_14
    public static final int accessibility_custom_action_15
    public static final int accessibility_custom_action_16
    public static final int accessibility_custom_action_17
    public static final int accessibility_custom_action_18
    public static final int accessibility_custom_action_19
    public static final int accessibility_custom_action_2
    public static final int accessibility_custom_action_20
    public static final int accessibility_custom_action_21
    public static final int accessibility_custom_action_22
    public static final int accessibility_custom_action_23
    public static final int accessibility_custom_action_24
    public static final int accessibility_custom_action_25
    public static final int accessibility_custom_action_26
    public static final int accessibility_custom_action_27
    public static final int accessibility_custom_action_28
    public static final int accessibility_custom_action_29
com.google.android.gms.internal.base.zag
com.google.android.gms.common.server.response.zae
androidx.core.text.TextDirectionHeuristicsCompat$TextDirectionHeuristicImpl
androidx.core.text.util.LinkifyCompat
androidx.lifecycle.livedata.core.R
androidx.savedstate.Recreator$SavedStateProvider
kotlin.jvm.internal.MutablePropertyReference0
io.flutter.plugins.flutter_plugin_android_lifecycle.R$integer
kotlin.coroutines.CombinedContext$writeReplace$1
androidx.core.view.accessibility.AccessibilityNodeInfoCompat$AccessibilityActionCompat
com.google.android.gms.common.data.DataBufferUtils
androidx.core.content.pm.PermissionInfoCompat$Protection
com.google.android.gms.maps.MapsInitializer:
    private void <init>()
com.google.android.gms.common.stats.StatsUtils
com.google.android.gms.maps.model.StreetViewPanoramaLocation
kotlin.Experimental
kotlin.io.ConsoleKt
kotlin.coroutines.experimental.CoroutineContext$plus$1
com.google.android.gms.common.api.internal.zzb
androidx.core.util.Pools$Pool
io.flutter.plugins.flutter_plugin_android_lifecycle.R$dimen
kotlin.io.FilesKt__FileReadWriteKt
com.google.android.gms.common.internal.zzm
androidx.annotation.RequiresPermission